[debug] [2020-05-11T14:55:59.699Z] ----------------------------------------------------------------------
[debug] [2020-05-11T14:55:59.704Z] Command:       C:\Program Files\nodejs\node.exe C:\Users\Srivatsan\AppData\Roaming\npm\node_modules\firebase-tools\lib\bin\firebase.js deploy --only functions:onRecommendItemsToUser
[debug] [2020-05-11T14:55:59.704Z] CLI Version:   8.1.1
[debug] [2020-05-11T14:55:59.704Z] Platform:      win32
[debug] [2020-05-11T14:55:59.705Z] Node Version:  v12.16.1
[debug] [2020-05-11T14:55:59.707Z] Time:          Mon May 11 2020 20:25:59 GMT+0530 (India Standard Time)
[debug] [2020-05-11T14:55:59.707Z] ----------------------------------------------------------------------
[debug] [2020-05-11T14:55:59.708Z] 
[debug] [2020-05-11T14:55:59.739Z] > command requires scopes: ["email","openid","https://www.googleapis.com/auth/cloudplatformprojects.readonly","https://www.googleapis.com/auth/firebase","https://www.googleapis.com/auth/cloud-platform"]
[debug] [2020-05-11T14:55:59.740Z] > authorizing via signed-in user
[debug] [2020-05-11T14:55:59.741Z] [iam] checking project servplatform-d4668 for permissions ["cloudfunctions.functions.create","cloudfunctions.functions.delete","cloudfunctions.functions.get","cloudfunctions.functions.list","cloudfunctions.functions.update","cloudfunctions.operations.get","firebase.projects.get"]
[debug] [2020-05-11T14:55:59.747Z] > refreshing access token with scopes: ["email","https://www.googleapis.com/auth/cloud-platform","https://www.googleapis.com/auth/cloudplatformprojects.readonly","https://www.googleapis.com/auth/firebase","openid"]
[debug] [2020-05-11T14:55:59.748Z] >>> HTTP REQUEST POST https://www.googleapis.com/oauth2/v3/token  
 <request body omitted>
[debug] [2020-05-11T14:55:59.926Z] <<< HTTP RESPONSE 200 {"content-type":"application/json; charset=utf-8","vary":"X-Origin, Referer, Origin,Accept-Encoding","date":"Mon, 11 May 2020 14:56:01 GMT","server":"scaffolding on HTTPServer2","cache-control":"private","x-xss-protection":"0","x-frame-options":"SAMEORIGIN","x-content-type-options":"nosniff","alt-svc":"h3-27=\":443\"; ma=2592000,h3-25=\":443\"; ma=2592000,h3-Q050=\":443\"; ma=2592000,h3-Q049=\":443\"; ma=2592000,h3-Q048=\":443\"; ma=2592000,h3-Q046=\":443\"; ma=2592000,h3-Q043=\":443\"; ma=2592000,quic=\":443\"; ma=2592000; v=\"46,43\"","accept-ranges":"none","transfer-encoding":"chunked"}
[debug] [2020-05-11T14:55:59.949Z] >>> HTTP REQUEST POST https://cloudresourcemanager.googleapis.com/v1/projects/servplatform-d4668:testIamPermissions  
 {"permissions":["cloudfunctions.functions.create","cloudfunctions.functions.delete","cloudfunctions.functions.get","cloudfunctions.functions.list","cloudfunctions.functions.update","cloudfunctions.operations.get","firebase.projects.get"]}
[debug] [2020-05-11T14:56:01.436Z] <<< HTTP RESPONSE 200 {"content-type":"application/json; charset=UTF-8","vary":"X-Origin, Referer, Origin,Accept-Encoding","date":"Mon, 11 May 2020 14:56:02 GMT","server":"ESF","cache-control":"private","x-xss-protection":"0","x-frame-options":"SAMEORIGIN","x-content-type-options":"nosniff","server-timing":"gfet4t7; dur=1419","alt-svc":"h3-27=\":443\"; ma=2592000,h3-25=\":443\"; ma=2592000,h3-Q050=\":443\"; ma=2592000,h3-Q049=\":443\"; ma=2592000,h3-Q048=\":443\"; ma=2592000,h3-Q046=\":443\"; ma=2592000,h3-Q043=\":443\"; ma=2592000,quic=\":443\"; ma=2592000; v=\"46,43\"","accept-ranges":"none","transfer-encoding":"chunked"}
[debug] [2020-05-11T14:56:01.437Z] >>> HTTP REQUEST POST https://iam.googleapis.com/v1/projects/servplatform-d4668/serviceAccounts/servplatform-d4668@appspot.gserviceaccount.com:testIamPermissions  
 {"permissions":["iam.serviceAccounts.actAs"]}
[debug] [2020-05-11T14:56:03.115Z] <<< HTTP RESPONSE 200 {"content-type":"application/json; charset=UTF-8","vary":"X-Origin, Referer, Origin,Accept-Encoding","date":"Mon, 11 May 2020 14:56:04 GMT","server":"ESF","cache-control":"private","x-xss-protection":"0","x-frame-options":"SAMEORIGIN","x-content-type-options":"nosniff","alt-svc":"h3-27=\":443\"; ma=2592000,h3-25=\":443\"; ma=2592000,h3-Q050=\":443\"; ma=2592000,h3-Q049=\":443\"; ma=2592000,h3-Q048=\":443\"; ma=2592000,h3-Q046=\":443\"; ma=2592000,h3-Q043=\":443\"; ma=2592000,quic=\":443\"; ma=2592000; v=\"46,43\"","accept-ranges":"none","transfer-encoding":"chunked"}
[warn] !  functions: package.json indicates an outdated version of firebase-functions.
Please upgrade using npm install --save firebase-functions@latest in your functions directory.
[info] 
[info] === Deploying to 'servplatform-d4668'...
[info] 
[info] i  deploying functions
[info] Running command: npm --prefix "$RESOURCE_DIR" run lint
[info] Running command: npm --prefix "$RESOURCE_DIR" run build
[info] +  functions: Finished running predeploy script.
[debug] [2020-05-11T14:56:27.767Z] > [functions] package.json contents: {
  "name": "functions",
  "scripts": {
    "lint": "tslint --project tsconfig.json",
    "build": "tsc",
    "serve": "npm run build && firebase serve --only functions",
    "shell": "npm run build && firebase functions:shell",
    "start": "npm run shell",
    "deploy": "firebase deploy --only functions",
    "logs": "firebase functions:log"
  },
  "engines": {
    "node": "8"
  },
  "main": "lib/index.js",
  "dependencies": {
    "@azure/ms-rest-azure-js": "^2.0.1",
    "algoliasearch": "^4.1.0",
    "axios": "0.16.2",
    "azure-cognitiveservices-contentmoderator": "^4.1.1",
    "cognitive-services": "^1.2.3",
    "firebase": "^4.3.0",
    "firebase-admin": "^8.6.0",
    "firebase-functions": "^3.3.0",
    "firebase-tools": "^8.1.1",
    "google-gax": "^1.12.0",
    "jssha": "^2.3.1",
    "ms-rest": "^2.5.3",
    "ms-rest-azure": "^3.0.0",
    "recombee-api-client": "^3.0.0",
    "request-promise": "^4.2.5",
    "tookan-api": "^1.0.4",
    "xmlhttprequest": "1.8.0"
  },
  "devDependencies": {
    "tslint": "^5.12.0",
    "typescript": "^3.2.2",
    "firebase-functions-test": "^0.1.6",
    "@neutrinojs/fork": "^8.3.0",
    "@neutrinojs/library": "^8.3.0",
    "neutrino": "^8.3.0",
    "qunit": "^2.7.0",
    "webpack": "^3.12.0",
    "webpack-node-externals": "^1.7.2",
    "webpack-sources": "1.0.1"
  },
  "private": true
}
[info] i  functions: ensuring required API cloudfunctions.googleapis.com is enabled...
[debug] [2020-05-11T14:56:31.220Z] [functions] runtime dependency check dates: warning: 2020-05-12T00:00:00.000Z error: 2020-06-23T00:00:00.000Z
[debug] [2020-05-11T14:56:31.220Z] >>> HTTP REQUEST GET https://serviceusage.googleapis.com/v1/projects/servplatform-d4668/services/cloudfunctions.googleapis.com  
 
[debug] [2020-05-11T14:56:31.221Z] >>> HTTP REQUEST GET https://serviceusage.googleapis.com/v1/projects/servplatform-d4668/services/runtimeconfig.googleapis.com  
 
[debug] [2020-05-11T14:56:32.991Z] <<< HTTP RESPONSE 200 {"content-type":"application/json; charset=UTF-8","vary":"X-Origin, Referer, Origin,Accept-Encoding","date":"Mon, 11 May 2020 14:56:34 GMT","server":"ESF","cache-control":"private","x-xss-protection":"0","x-frame-options":"SAMEORIGIN","x-content-type-options":"nosniff","alt-svc":"h3-27=\":443\"; ma=2592000,h3-25=\":443\"; ma=2592000,h3-Q050=\":443\"; ma=2592000,h3-Q049=\":443\"; ma=2592000,h3-Q048=\":443\"; ma=2592000,h3-Q046=\":443\"; ma=2592000,h3-Q043=\":443\"; ma=2592000,quic=\":443\"; ma=2592000; v=\"46,43\"","accept-ranges":"none","transfer-encoding":"chunked"}
[info] +  functions: required API cloudfunctions.googleapis.com is enabled
[debug] [2020-05-11T14:56:33.005Z] <<< HTTP RESPONSE 200 {"content-type":"application/json; charset=UTF-8","vary":"X-Origin, Referer, Origin,Accept-Encoding","date":"Mon, 11 May 2020 14:56:34 GMT","server":"ESF","cache-control":"private","x-xss-protection":"0","x-frame-options":"SAMEORIGIN","x-content-type-options":"nosniff","alt-svc":"h3-27=\":443\"; ma=2592000,h3-25=\":443\"; ma=2592000,h3-Q050=\":443\"; ma=2592000,h3-Q049=\":443\"; ma=2592000,h3-Q048=\":443\"; ma=2592000,h3-Q046=\":443\"; ma=2592000,h3-Q043=\":443\"; ma=2592000,quic=\":443\"; ma=2592000; v=\"46,43\"","accept-ranges":"none","transfer-encoding":"chunked"}
[debug] [2020-05-11T14:56:33.007Z] >>> HTTP REQUEST GET https://firebase.googleapis.com/v1beta1/projects/servplatform-d4668/adminSdkConfig  
 
[debug] [2020-05-11T14:56:33.341Z] <<< HTTP RESPONSE 200 {"content-type":"application/json; charset=UTF-8","vary":"X-Origin, Referer, Origin,Accept-Encoding","date":"Mon, 11 May 2020 14:56:34 GMT","server":"ESF","cache-control":"private","x-xss-protection":"0","x-frame-options":"SAMEORIGIN","x-content-type-options":"nosniff","alt-svc":"h3-27=\":443\"; ma=2592000,h3-25=\":443\"; ma=2592000,h3-Q050=\":443\"; ma=2592000,h3-Q049=\":443\"; ma=2592000,h3-Q048=\":443\"; ma=2592000,h3-Q046=\":443\"; ma=2592000,h3-Q043=\":443\"; ma=2592000,quic=\":443\"; ma=2592000; v=\"46,43\"","accept-ranges":"none","transfer-encoding":"chunked"}
[info] i  functions: preparing functions directory for uploading...
[debug] [2020-05-11T14:56:33.347Z] >>> HTTP REQUEST GET https://runtimeconfig.googleapis.com/v1beta1/projects/servplatform-d4668/configs  
 
[debug] [2020-05-11T14:56:35.132Z] <<< HTTP RESPONSE 200 {"content-type":"application/json; charset=UTF-8","vary":"X-Origin, Referer, Origin,Accept-Encoding","date":"Mon, 11 May 2020 14:56:36 GMT","server":"ESF","cache-control":"private","x-xss-protection":"0","x-frame-options":"SAMEORIGIN","x-content-type-options":"nosniff","alt-svc":"h3-27=\":443\"; ma=2592000,h3-25=\":443\"; ma=2592000,h3-Q050=\":443\"; ma=2592000,h3-Q049=\":443\"; ma=2592000,h3-Q048=\":443\"; ma=2592000,h3-Q046=\":443\"; ma=2592000,h3-Q043=\":443\"; ma=2592000,quic=\":443\"; ma=2592000; v=\"46,43\"","accept-ranges":"none","transfer-encoding":"chunked"}
[debug] [2020-05-11T14:56:35.134Z] >>> HTTP REQUEST GET https://runtimeconfig.googleapis.com/v1beta1/projects/servplatform-d4668/configs/algolia/variables  
 
[debug] [2020-05-11T14:56:35.135Z] >>> HTTP REQUEST GET https://runtimeconfig.googleapis.com/v1beta1/projects/servplatform-d4668/configs/stripe/variables  
 
[debug] [2020-05-11T14:56:35.465Z] <<< HTTP RESPONSE 200 {"content-type":"application/json; charset=UTF-8","vary":"X-Origin, Referer, Origin,Accept-Encoding","date":"Mon, 11 May 2020 14:56:36 GMT","server":"ESF","cache-control":"private","x-xss-protection":"0","x-frame-options":"SAMEORIGIN","x-content-type-options":"nosniff","alt-svc":"h3-27=\":443\"; ma=2592000,h3-25=\":443\"; ma=2592000,h3-Q050=\":443\"; ma=2592000,h3-Q049=\":443\"; ma=2592000,h3-Q048=\":443\"; ma=2592000,h3-Q046=\":443\"; ma=2592000,h3-Q043=\":443\"; ma=2592000,quic=\":443\"; ma=2592000; v=\"46,43\"","accept-ranges":"none","transfer-encoding":"chunked"}
[debug] [2020-05-11T14:56:35.467Z] >>> HTTP REQUEST GET https://runtimeconfig.googleapis.com/v1beta1/projects/servplatform-d4668/configs/stripe/variables/testkey  
 
[debug] [2020-05-11T14:56:35.476Z] <<< HTTP RESPONSE 200 {"content-type":"application/json; charset=UTF-8","vary":"X-Origin, Referer, Origin,Accept-Encoding","date":"Mon, 11 May 2020 14:56:36 GMT","server":"ESF","cache-control":"private","x-xss-protection":"0","x-frame-options":"SAMEORIGIN","x-content-type-options":"nosniff","alt-svc":"h3-27=\":443\"; ma=2592000,h3-25=\":443\"; ma=2592000,h3-Q050=\":443\"; ma=2592000,h3-Q049=\":443\"; ma=2592000,h3-Q048=\":443\"; ma=2592000,h3-Q046=\":443\"; ma=2592000,h3-Q043=\":443\"; ma=2592000,quic=\":443\"; ma=2592000; v=\"46,43\"","accept-ranges":"none","transfer-encoding":"chunked"}
[debug] [2020-05-11T14:56:35.478Z] >>> HTTP REQUEST GET https://runtimeconfig.googleapis.com/v1beta1/projects/servplatform-d4668/configs/algolia/variables/apikey  
 
[debug] [2020-05-11T14:56:35.480Z] >>> HTTP REQUEST GET https://runtimeconfig.googleapis.com/v1beta1/projects/servplatform-d4668/configs/algolia/variables/appid  
 
[debug] [2020-05-11T14:56:35.806Z] <<< HTTP RESPONSE 200 {"content-type":"application/json; charset=UTF-8","vary":"X-Origin, Referer, Origin,Accept-Encoding","date":"Mon, 11 May 2020 14:56:37 GMT","server":"ESF","cache-control":"private","x-xss-protection":"0","x-frame-options":"SAMEORIGIN","x-content-type-options":"nosniff","alt-svc":"h3-27=\":443\"; ma=2592000,h3-25=\":443\"; ma=2592000,h3-Q050=\":443\"; ma=2592000,h3-Q049=\":443\"; ma=2592000,h3-Q048=\":443\"; ma=2592000,h3-Q046=\":443\"; ma=2592000,h3-Q043=\":443\"; ma=2592000,quic=\":443\"; ma=2592000; v=\"46,43\"","accept-ranges":"none","transfer-encoding":"chunked"}
[debug] [2020-05-11T14:56:36.961Z] <<< HTTP RESPONSE 200 {"content-type":"application/json; charset=UTF-8","vary":"X-Origin, Referer, Origin,Accept-Encoding","date":"Mon, 11 May 2020 14:56:38 GMT","server":"ESF","cache-control":"private","x-xss-protection":"0","x-frame-options":"SAMEORIGIN","x-content-type-options":"nosniff","alt-svc":"h3-27=\":443\"; ma=2592000,h3-25=\":443\"; ma=2592000,h3-Q050=\":443\"; ma=2592000,h3-Q049=\":443\"; ma=2592000,h3-Q048=\":443\"; ma=2592000,h3-Q046=\":443\"; ma=2592000,h3-Q043=\":443\"; ma=2592000,quic=\":443\"; ma=2592000; v=\"46,43\"","accept-ranges":"none","transfer-encoding":"chunked"}
[debug] [2020-05-11T14:56:37.068Z] <<< HTTP RESPONSE 200 {"content-type":"application/json; charset=UTF-8","vary":"X-Origin, Referer, Origin,Accept-Encoding","date":"Mon, 11 May 2020 14:56:38 GMT","server":"ESF","cache-control":"private","x-xss-protection":"0","x-frame-options":"SAMEORIGIN","x-content-type-options":"nosniff","alt-svc":"h3-27=\":443\"; ma=2592000,h3-25=\":443\"; ma=2592000,h3-Q050=\":443\"; ma=2592000,h3-Q049=\":443\"; ma=2592000,h3-Q048=\":443\"; ma=2592000,h3-Q046=\":443\"; ma=2592000,h3-Q043=\":443\"; ma=2592000,quic=\":443\"; ma=2592000; v=\"46,43\"","accept-ranges":"none","transfer-encoding":"chunked"}
[info] i  functions: packaged functions (126.8 KB) for uploading
[debug] [2020-05-11T14:56:40.388Z] >>> HTTP REQUEST GET https://cloudfunctions.googleapis.com/v1/projects/servplatform-d4668/locations/-/functions  
 
[debug] [2020-05-11T14:56:41.229Z] <<< HTTP RESPONSE 200 {"content-type":"application/json; charset=UTF-8","vary":"X-Origin, Referer, Origin,Accept-Encoding","date":"Mon, 11 May 2020 14:56:42 GMT","server":"ESF","cache-control":"private","x-xss-protection":"0","x-frame-options":"SAMEORIGIN","x-content-type-options":"nosniff","alt-svc":"h3-27=\":443\"; ma=2592000,h3-25=\":443\"; ma=2592000,h3-Q050=\":443\"; ma=2592000,h3-Q049=\":443\"; ma=2592000,h3-Q048=\":443\"; ma=2592000,h3-Q046=\":443\"; ma=2592000,h3-Q043=\":443\"; ma=2592000,quic=\":443\"; ma=2592000; v=\"46,43\"","accept-ranges":"none","transfer-encoding":"chunked"}
[debug] [2020-05-11T14:56:41.254Z] >>> HTTP REQUEST POST https://cloudfunctions.googleapis.com/v1/projects/servplatform-d4668/locations/us-central1/functions:generateUploadUrl  
 
[debug] [2020-05-11T14:56:42.569Z] <<< HTTP RESPONSE 200 {"content-type":"application/json; charset=UTF-8","vary":"X-Origin, Referer, Origin,Accept-Encoding","date":"Mon, 11 May 2020 14:56:43 GMT","server":"ESF","cache-control":"private","x-xss-protection":"0","x-frame-options":"SAMEORIGIN","x-content-type-options":"nosniff","alt-svc":"h3-27=\":443\"; ma=2592000,h3-25=\":443\"; ma=2592000,h3-Q050=\":443\"; ma=2592000,h3-Q049=\":443\"; ma=2592000,h3-Q048=\":443\"; ma=2592000,h3-Q046=\":443\"; ma=2592000,h3-Q043=\":443\"; ma=2592000,quic=\":443\"; ma=2592000; v=\"46,43\"","accept-ranges":"none","transfer-encoding":"chunked"}
[debug] [2020-05-11T14:56:42.571Z] >>> HTTP REQUEST PUT https://storage.googleapis.com/gcf-upload-us-central1-1af3cd0e-9fd7-49b7-8c62-742893ffe2e7/67b041b3-dff8-4fec-94ba-36df429a0c49.zip?GoogleAccessId=service-563574805348@gcf-admin-robot.iam.gserviceaccount.com&Expires=1589210803&Signature=IQw6jQHgq9vLSkDENkv1Cz8XYULpzSG7YOZ%2F5X7OxATGNRVjSu7K6WiOL%2BKI7v5iNsN6rXvdNSWzG3vCzh9u1HKDb3FAiIU2m8qDHxzCSEZTZ5kT1l4PzJX7Si6%2Bn7K2lvIQew1TraMgfAoH6bX%2BOcSWXgMd52ajf2bPICnomkww1H1dUSL1vRH1pavI1XhbUveVCuzDRLHeqnaV6Y8r9YKUssJ5JGXvucyGkoCJ8Fw14MUD6%2BEP6cqsWn8%2FtVREu%2Fj0QZwBc6jOBxdt%2FQWgVKHTF9HqOiQMDs03O6s31AHoN%2Fyi%2FDLYRd6RgJTUmRDihZMYT5cOujthBNpzZszdMA%3D%3D  
 <request body omitted>
[debug] [2020-05-11T14:56:43.362Z] <<< HTTP RESPONSE 200 {"x-guploader-uploadid":"AAANsUl_P-TGx_EjWNVoahPrZbW5AskBUo_S0PQu-F2EOZXNPAR_ulg8sXp8j9JYo5sfOV45h4_yPYpic1WDDjB885M","etag":"\"bf36af0eeee435f05922e48c7de92ddc\"","x-goog-generation":"1589209004539520","x-goog-metageneration":"1","x-goog-hash":"crc32c=v7JyMw==, md5=vzavDu7kNfBZIuSMfekt3A==","x-goog-stored-content-length":"129843","x-goog-stored-content-encoding":"identity","vary":"Origin","content-length":"0","date":"Mon, 11 May 2020 14:56:44 GMT","server":"UploadServer","content-type":"text/html; charset=UTF-8","alt-svc":"h3-27=\":443\"; ma=2592000,h3-25=\":443\"; ma=2592000,h3-Q050=\":443\"; ma=2592000,h3-Q049=\":443\"; ma=2592000,h3-Q048=\":443\"; ma=2592000,h3-Q046=\":443\"; ma=2592000,h3-Q043=\":443\"; ma=2592000,quic=\":443\"; ma=2592000; v=\"46,43\""}
[info] +  functions: functions folder uploaded successfully
[debug] [2020-05-11T14:56:43.398Z] > [functions] filtering triggers to: [
  "projects/servplatform-d4668/locations/us-central1/functions/onRecommendItemsToUser"
]
[info] i  functions: current functions in project: AvailableMerchantAgents(us-central1), RecommendItemsToItem(us-central1), RecommendUsersToItem(us-central1), RecommendUsersToUser(us-central1), app(us-central1), createOauthClient(us-central1), deleteOauthClientById(us-central1), getAllOauthClient(us-central1), getMissionList(us-central1), getOauthClientById(us-central1), getUserByPhone(us-central1), oauth_app(us-central1), onAddAgents(us-central1), onAddCustomer(us-central1), onAgentArrived(us-central1), onAgentStarted(us-central1), onAssignAgentsRelatedTask(us-central1), onAssignAgentsTask(us-central1), onAssignMerchantAgentsTask(us-central1), onAssignMerchantToTask(us-central1), onAssignTask(us-central1), onAutoAllocationFailed(us-central1), onAutoAllocationStarted(us-central1), onAutoAssignTask(us-central1), onBlockUnblockAgents(us-central1), onBlockUnblockMerchant(us-central1), onCancelTask(us-central1), onCreateBookmarks(us-central1), onCreateCart(us-central1), onCreateFleetWalletTransaction(us-central1), onCreateJob(us-central1), onCreateMerchant(us-central1), onCreateMission(us-central1), onCreateMultipleTasks(us-central1), onCreateOrders(us-central1), onCreateReviews(us-central1), onCreateService(us-central1), onCreateTeam(us-central1), onCreateTest(us-central1), onCreateTookanWebhook(us-central1), onDeleteAgents(us-central1), onDeleteBookmarks(us-central1), onDeleteCart(us-central1), onDeleteCustomer(us-central1), onDeleteJob(us-central1), onDeleteMerchant(us-central1), onDeleteMission(us-central1), onDeleteOrders(us-central1), onDeleteReviews(us-central1), onDeleteService(us-central1), onDeleteT(us-central1), onDeleteTeam(us-central1), onDeleteTst(us-central1), onEditAgents(us-central1), onEditCustomer(us-central1), onEditMerchant(us-central1), onEditMultipleTasks(us-central1), onFailed(us-central1), onFindCustomerWithName(us-central1), onFindCustomerWithPhone(us-central1), onGetAgentsActivityTimeline(us-central1), onGetAgentsLocation(us-central1), onGetAgentsLogs(us-central1), onGetAgentsNearCustomer(us-central1), onGetAgentsRatingsAndReviews(us-central1), onGetAgentsSchedule(us-central1), onGetAgentsTag(us-central1), onGetAllAgents(us-central1), onGetAllCustomers(us-central1), onGetAllRelatedTasks(us-central1), onGetAllTeams(us-central1), onGetFleetWalletTransaction(us-central1), onGetJobAndAgentDetails(us-central1), onGetMerchantDetails(us-central1), onGetMerchantReports(us-central1), onGetMerchantTeams(us-central1), onGetMonthlyAgentsSchedule(us-central1), onGetTaskDetails(us-central1), onGetTeamDetails(us-central1), onImgAdd(us-central1), onImgCmJobId(us-central1), onImgCmRevCall(us-central1), onReassignAgentsMultipleTask(us-central1), onRecommendItemsToUser(us-central1), onRemoveRegionfromAgent(us-central1), onRequestRecieved(us-central1), onSendAgentsNotification(us-central1), onSetTookanWebhookSecret(us-central1), onStartTask(us-central1), onSuccessful(us-central1), onTaskCreate(us-central1), onTaskDelete(us-central1), onTaskEdit(us-central1), onTaskStatistics(us-central1), onTaskStatus(us-central1), onTeamEdit(us-central1), onUpdateAgentsTag(us-central1), onUpdateJob(us-central1), onUpdateService(us-central1), onViewAgentStripeDetails(us-central1), onViewAgentsProfile(us-central1), onViewAllDeletedTasks(us-central1), onViewCustomerProfile(us-central1), onViewManager(us-central1), onViewMerchantsProfile(us-central1), onViewRegion(us-central1), onViewRegionDetails(us-central1), recombeeapp(us-central1), recursiveDelete(us-central1), regenerateSecretOauthClientById(us-central1), servAuthorize(us-central1), updateOauthClientById(us-central1)
[info] i  functions: uploading functions in project: onRecommendItemsToUser(us-central1)
[info] i  functions: updating Node.js 8 function onRecommendItemsToUser(us-central1)...
[debug] [2020-05-11T14:56:43.562Z] Trigger is:  {"httpsTrigger":{}}
[debug] [2020-05-11T14:56:43.567Z] >>> HTTP REQUEST GET https://serviceusage.googleapis.com/v1/projects/servplatform-d4668/services/cloudscheduler.googleapis.com  
 
[debug] [2020-05-11T14:56:45.661Z] <<< HTTP RESPONSE 200 {"content-type":"application/json; charset=UTF-8","vary":"X-Origin, Referer, Origin,Accept-Encoding","date":"Mon, 11 May 2020 14:56:46 GMT","server":"ESF","cache-control":"private","x-xss-protection":"0","x-frame-options":"SAMEORIGIN","x-content-type-options":"nosniff","alt-svc":"h3-27=\":443\"; ma=2592000,h3-25=\":443\"; ma=2592000,h3-Q050=\":443\"; ma=2592000,h3-Q049=\":443\"; ma=2592000,h3-Q048=\":443\"; ma=2592000,h3-Q046=\":443\"; ma=2592000,h3-Q043=\":443\"; ma=2592000,quic=\":443\"; ma=2592000; v=\"46,43\"","accept-ranges":"none","transfer-encoding":"chunked"}
[debug] [2020-05-11T14:56:45.665Z] >>> HTTP REQUEST PATCH https://cloudfunctions.googleapis.com/v1/projects/servplatform-d4668/locations/us-central1/functions/onRecommendItemsToUser {"updateMask":"sourceUploadUrl,name,labels,runtime,httpsTrigger"} 
 {"sourceUploadUrl":"https://storage.googleapis.com/gcf-upload-us-central1-1af3cd0e-9fd7-49b7-8c62-742893ffe2e7/67b041b3-dff8-4fec-94ba-36df429a0c49.zip?GoogleAccessId=service-563574805348@gcf-admin-robot.iam.gserviceaccount.com&Expires=1589210803&Signature=IQw6jQHgq9vLSkDENkv1Cz8XYULpzSG7YOZ%2F5X7OxATGNRVjSu7K6WiOL%2BKI7v5iNsN6rXvdNSWzG3vCzh9u1HKDb3FAiIU2m8qDHxzCSEZTZ5kT1l4PzJX7Si6%2Bn7K2lvIQew1TraMgfAoH6bX%2BOcSWXgMd52ajf2bPICnomkww1H1dUSL1vRH1pavI1XhbUveVCuzDRLHeqnaV6Y8r9YKUssJ5JGXvucyGkoCJ8Fw14MUD6%2BEP6cqsWn8%2FtVREu%2Fj0QZwBc6jOBxdt%2FQWgVKHTF9HqOiQMDs03O6s31AHoN%2Fyi%2FDLYRd6RgJTUmRDihZMYT5cOujthBNpzZszdMA%3D%3D","name":"projects/servplatform-d4668/locations/us-central1/functions/onRecommendItemsToUser","labels":{"deployment-tool":"cli-firebase"},"httpsTrigger":{},"runtime":"nodejs8"}
[debug] [2020-05-11T14:56:46.701Z] <<< HTTP RESPONSE 200 {"content-type":"application/json; charset=UTF-8","vary":"X-Origin, Referer, Origin,Accept-Encoding","date":"Mon, 11 May 2020 14:56:47 GMT","server":"ESF","cache-control":"private","x-xss-protection":"0","x-frame-options":"SAMEORIGIN","x-content-type-options":"nosniff","alt-svc":"h3-27=\":443\"; ma=2592000,h3-25=\":443\"; ma=2592000,h3-Q050=\":443\"; ma=2592000,h3-Q049=\":443\"; ma=2592000,h3-Q048=\":443\"; ma=2592000,h3-Q046=\":443\"; ma=2592000,h3-Q043=\":443\"; ma=2592000,quic=\":443\"; ma=2592000; v=\"46,43\"","accept-ranges":"none","transfer-encoding":"chunked"}
[debug] [2020-05-11T14:56:46.707Z] >>> HTTP REQUEST GET https://cloudfunctions.googleapis.com/v1/projects/servplatform-d4668/locations/-/functions  
 
[debug] [2020-05-11T14:56:47.265Z] <<< HTTP RESPONSE 200 {"content-type":"application/json; charset=UTF-8","vary":"X-Origin, Referer, Origin,Accept-Encoding","date":"Mon, 11 May 2020 14:56:48 GMT","server":"ESF","cache-control":"private","x-xss-protection":"0","x-frame-options":"SAMEORIGIN","x-content-type-options":"nosniff","alt-svc":"h3-27=\":443\"; ma=2592000,h3-25=\":443\"; ma=2592000,h3-Q050=\":443\"; ma=2592000,h3-Q049=\":443\"; ma=2592000,h3-Q048=\":443\"; ma=2592000,h3-Q046=\":443\"; ma=2592000,h3-Q043=\":443\"; ma=2592000,quic=\":443\"; ma=2592000; v=\"46,43\"","accept-ranges":"none","transfer-encoding":"chunked"}
[debug] [2020-05-11T14:56:47.268Z] >>> HTTP REQUEST GET https://cloudfunctions.googleapis.com/v1/operations/c2VydnBsYXRmb3JtLWQ0NjY4L3VzLWNlbnRyYWwxL29uUmVjb21tZW5kSXRlbXNUb1VzZXIvcTNXTDdkZjNMd1k  
 
[debug] [2020-05-11T14:56:47.846Z] <<< HTTP RESPONSE 200 {"content-type":"application/json; charset=UTF-8","vary":"X-Origin, Referer, Origin,Accept-Encoding","date":"Mon, 11 May 2020 14:56:48 GMT","server":"ESF","cache-control":"private","x-xss-protection":"0","x-frame-options":"SAMEORIGIN","x-content-type-options":"nosniff","alt-svc":"h3-27=\":443\"; ma=2592000,h3-25=\":443\"; ma=2592000,h3-Q050=\":443\"; ma=2592000,h3-Q049=\":443\"; ma=2592000,h3-Q048=\":443\"; ma=2592000,h3-Q046=\":443\"; ma=2592000,h3-Q043=\":443\"; ma=2592000,quic=\":443\"; ma=2592000; v=\"46,43\"","accept-ranges":"none","transfer-encoding":"chunked"}
[debug] [2020-05-11T14:56:49.848Z] >>> HTTP REQUEST GET https://cloudfunctions.googleapis.com/v1/operations/c2VydnBsYXRmb3JtLWQ0NjY4L3VzLWNlbnRyYWwxL29uUmVjb21tZW5kSXRlbXNUb1VzZXIvcTNXTDdkZjNMd1k  
 
[debug] [2020-05-11T14:56:50.204Z] <<< HTTP RESPONSE 200 {"content-type":"application/json; charset=UTF-8","vary":"X-Origin, Referer, Origin,Accept-Encoding","date":"Mon, 11 May 2020 14:56:51 GMT","server":"ESF","cache-control":"private","x-xss-protection":"0","x-frame-options":"SAMEORIGIN","x-content-type-options":"nosniff","alt-svc":"h3-27=\":443\"; ma=2592000,h3-25=\":443\"; ma=2592000,h3-Q050=\":443\"; ma=2592000,h3-Q049=\":443\"; ma=2592000,h3-Q048=\":443\"; ma=2592000,h3-Q046=\":443\"; ma=2592000,h3-Q043=\":443\"; ma=2592000,quic=\":443\"; ma=2592000; v=\"46,43\"","accept-ranges":"none","transfer-encoding":"chunked"}
[debug] [2020-05-11T14:56:52.205Z] >>> HTTP REQUEST GET https://cloudfunctions.googleapis.com/v1/operations/c2VydnBsYXRmb3JtLWQ0NjY4L3VzLWNlbnRyYWwxL29uUmVjb21tZW5kSXRlbXNUb1VzZXIvcTNXTDdkZjNMd1k  
 
[debug] [2020-05-11T14:56:52.676Z] <<< HTTP RESPONSE 200 {"content-type":"application/json; charset=UTF-8","vary":"X-Origin, Referer, Origin,Accept-Encoding","date":"Mon, 11 May 2020 14:56:53 GMT","server":"ESF","cache-control":"private","x-xss-protection":"0","x-frame-options":"SAMEORIGIN","x-content-type-options":"nosniff","alt-svc":"h3-27=\":443\"; ma=2592000,h3-25=\":443\"; ma=2592000,h3-Q050=\":443\"; ma=2592000,h3-Q049=\":443\"; ma=2592000,h3-Q048=\":443\"; ma=2592000,h3-Q046=\":443\"; ma=2592000,h3-Q043=\":443\"; ma=2592000,quic=\":443\"; ma=2592000; v=\"46,43\"","accept-ranges":"none","transfer-encoding":"chunked"}
[debug] [2020-05-11T14:56:54.678Z] >>> HTTP REQUEST GET https://cloudfunctions.googleapis.com/v1/operations/c2VydnBsYXRmb3JtLWQ0NjY4L3VzLWNlbnRyYWwxL29uUmVjb21tZW5kSXRlbXNUb1VzZXIvcTNXTDdkZjNMd1k  
 
[debug] [2020-05-11T14:56:55.107Z] <<< HTTP RESPONSE 200 {"content-type":"application/json; charset=UTF-8","vary":"X-Origin, Referer, Origin,Accept-Encoding","date":"Mon, 11 May 2020 14:56:56 GMT","server":"ESF","cache-control":"private","x-xss-protection":"0","x-frame-options":"SAMEORIGIN","x-content-type-options":"nosniff","alt-svc":"h3-27=\":443\"; ma=2592000,h3-25=\":443\"; ma=2592000,h3-Q050=\":443\"; ma=2592000,h3-Q049=\":443\"; ma=2592000,h3-Q048=\":443\"; ma=2592000,h3-Q046=\":443\"; ma=2592000,h3-Q043=\":443\"; ma=2592000,quic=\":443\"; ma=2592000; v=\"46,43\"","accept-ranges":"none","transfer-encoding":"chunked"}
[debug] [2020-05-11T14:56:57.109Z] >>> HTTP REQUEST GET https://cloudfunctions.googleapis.com/v1/operations/c2VydnBsYXRmb3JtLWQ0NjY4L3VzLWNlbnRyYWwxL29uUmVjb21tZW5kSXRlbXNUb1VzZXIvcTNXTDdkZjNMd1k  
 
[debug] [2020-05-11T14:56:57.936Z] <<< HTTP RESPONSE 200 {"content-type":"application/json; charset=UTF-8","vary":"X-Origin, Referer, Origin,Accept-Encoding","date":"Mon, 11 May 2020 14:56:59 GMT","server":"ESF","cache-control":"private","x-xss-protection":"0","x-frame-options":"SAMEORIGIN","x-content-type-options":"nosniff","alt-svc":"h3-27=\":443\"; ma=2592000,h3-25=\":443\"; ma=2592000,h3-Q050=\":443\"; ma=2592000,h3-Q049=\":443\"; ma=2592000,h3-Q048=\":443\"; ma=2592000,h3-Q046=\":443\"; ma=2592000,h3-Q043=\":443\"; ma=2592000,quic=\":443\"; ma=2592000; v=\"46,43\"","accept-ranges":"none","transfer-encoding":"chunked"}
[debug] [2020-05-11T14:56:59.937Z] >>> HTTP REQUEST GET https://cloudfunctions.googleapis.com/v1/operations/c2VydnBsYXRmb3JtLWQ0NjY4L3VzLWNlbnRyYWwxL29uUmVjb21tZW5kSXRlbXNUb1VzZXIvcTNXTDdkZjNMd1k  
 
[debug] [2020-05-11T14:57:00.307Z] <<< HTTP RESPONSE 200 {"content-type":"application/json; charset=UTF-8","vary":"X-Origin, Referer, Origin,Accept-Encoding","date":"Mon, 11 May 2020 14:57:01 GMT","server":"ESF","cache-control":"private","x-xss-protection":"0","x-frame-options":"SAMEORIGIN","x-content-type-options":"nosniff","alt-svc":"h3-27=\":443\"; ma=2592000,h3-25=\":443\"; ma=2592000,h3-Q050=\":443\"; ma=2592000,h3-Q049=\":443\"; ma=2592000,h3-Q048=\":443\"; ma=2592000,h3-Q046=\":443\"; ma=2592000,h3-Q043=\":443\"; ma=2592000,quic=\":443\"; ma=2592000; v=\"46,43\"","accept-ranges":"none","transfer-encoding":"chunked"}
[debug] [2020-05-11T14:57:02.309Z] >>> HTTP REQUEST GET https://cloudfunctions.googleapis.com/v1/operations/c2VydnBsYXRmb3JtLWQ0NjY4L3VzLWNlbnRyYWwxL29uUmVjb21tZW5kSXRlbXNUb1VzZXIvcTNXTDdkZjNMd1k  
 
[debug] [2020-05-11T14:57:02.646Z] <<< HTTP RESPONSE 200 {"content-type":"application/json; charset=UTF-8","vary":"X-Origin, Referer, Origin,Accept-Encoding","date":"Mon, 11 May 2020 14:57:03 GMT","server":"ESF","cache-control":"private","x-xss-protection":"0","x-frame-options":"SAMEORIGIN","x-content-type-options":"nosniff","alt-svc":"h3-27=\":443\"; ma=2592000,h3-25=\":443\"; ma=2592000,h3-Q050=\":443\"; ma=2592000,h3-Q049=\":443\"; ma=2592000,h3-Q048=\":443\"; ma=2592000,h3-Q046=\":443\"; ma=2592000,h3-Q043=\":443\"; ma=2592000,quic=\":443\"; ma=2592000; v=\"46,43\"","accept-ranges":"none","transfer-encoding":"chunked"}
[debug] [2020-05-11T14:57:04.648Z] >>> HTTP REQUEST GET https://cloudfunctions.googleapis.com/v1/operations/c2VydnBsYXRmb3JtLWQ0NjY4L3VzLWNlbnRyYWwxL29uUmVjb21tZW5kSXRlbXNUb1VzZXIvcTNXTDdkZjNMd1k  
 
[debug] [2020-05-11T14:57:04.981Z] <<< HTTP RESPONSE 200 {"content-type":"application/json; charset=UTF-8","vary":"X-Origin, Referer, Origin,Accept-Encoding","date":"Mon, 11 May 2020 14:57:06 GMT","server":"ESF","cache-control":"private","x-xss-protection":"0","x-frame-options":"SAMEORIGIN","x-content-type-options":"nosniff","alt-svc":"h3-27=\":443\"; ma=2592000,h3-25=\":443\"; ma=2592000,h3-Q050=\":443\"; ma=2592000,h3-Q049=\":443\"; ma=2592000,h3-Q048=\":443\"; ma=2592000,h3-Q046=\":443\"; ma=2592000,h3-Q043=\":443\"; ma=2592000,quic=\":443\"; ma=2592000; v=\"46,43\"","accept-ranges":"none","transfer-encoding":"chunked"}
[debug] [2020-05-11T14:57:06.995Z] >>> HTTP REQUEST GET https://cloudfunctions.googleapis.com/v1/operations/c2VydnBsYXRmb3JtLWQ0NjY4L3VzLWNlbnRyYWwxL29uUmVjb21tZW5kSXRlbXNUb1VzZXIvcTNXTDdkZjNMd1k  
 
[debug] [2020-05-11T14:57:07.343Z] <<< HTTP RESPONSE 200 {"content-type":"application/json; charset=UTF-8","vary":"X-Origin, Referer, Origin,Accept-Encoding","date":"Mon, 11 May 2020 14:57:08 GMT","server":"ESF","cache-control":"private","x-xss-protection":"0","x-frame-options":"SAMEORIGIN","x-content-type-options":"nosniff","alt-svc":"h3-27=\":443\"; ma=2592000,h3-25=\":443\"; ma=2592000,h3-Q050=\":443\"; ma=2592000,h3-Q049=\":443\"; ma=2592000,h3-Q048=\":443\"; ma=2592000,h3-Q046=\":443\"; ma=2592000,h3-Q043=\":443\"; ma=2592000,quic=\":443\"; ma=2592000; v=\"46,43\"","accept-ranges":"none","transfer-encoding":"chunked"}
[debug] [2020-05-11T14:57:09.346Z] >>> HTTP REQUEST GET https://cloudfunctions.googleapis.com/v1/operations/c2VydnBsYXRmb3JtLWQ0NjY4L3VzLWNlbnRyYWwxL29uUmVjb21tZW5kSXRlbXNUb1VzZXIvcTNXTDdkZjNMd1k  
 
[debug] [2020-05-11T14:57:09.694Z] <<< HTTP RESPONSE 200 {"content-type":"application/json; charset=UTF-8","vary":"X-Origin, Referer, Origin,Accept-Encoding","date":"Mon, 11 May 2020 14:57:10 GMT","server":"ESF","cache-control":"private","x-xss-protection":"0","x-frame-options":"SAMEORIGIN","x-content-type-options":"nosniff","alt-svc":"h3-27=\":443\"; ma=2592000,h3-25=\":443\"; ma=2592000,h3-Q050=\":443\"; ma=2592000,h3-Q049=\":443\"; ma=2592000,h3-Q048=\":443\"; ma=2592000,h3-Q046=\":443\"; ma=2592000,h3-Q043=\":443\"; ma=2592000,quic=\":443\"; ma=2592000; v=\"46,43\"","accept-ranges":"none","transfer-encoding":"chunked"}
[debug] [2020-05-11T14:57:11.696Z] >>> HTTP REQUEST GET https://cloudfunctions.googleapis.com/v1/operations/c2VydnBsYXRmb3JtLWQ0NjY4L3VzLWNlbnRyYWwxL29uUmVjb21tZW5kSXRlbXNUb1VzZXIvcTNXTDdkZjNMd1k  
 
[debug] [2020-05-11T14:57:12.045Z] <<< HTTP RESPONSE 200 {"content-type":"application/json; charset=UTF-8","vary":"X-Origin, Referer, Origin,Accept-Encoding","date":"Mon, 11 May 2020 14:57:13 GMT","server":"ESF","cache-control":"private","x-xss-protection":"0","x-frame-options":"SAMEORIGIN","x-content-type-options":"nosniff","alt-svc":"h3-27=\":443\"; ma=2592000,h3-25=\":443\"; ma=2592000,h3-Q050=\":443\"; ma=2592000,h3-Q049=\":443\"; ma=2592000,h3-Q048=\":443\"; ma=2592000,h3-Q046=\":443\"; ma=2592000,h3-Q043=\":443\"; ma=2592000,quic=\":443\"; ma=2592000; v=\"46,43\"","accept-ranges":"none","transfer-encoding":"chunked"}
[debug] [2020-05-11T14:57:14.047Z] >>> HTTP REQUEST GET https://cloudfunctions.googleapis.com/v1/operations/c2VydnBsYXRmb3JtLWQ0NjY4L3VzLWNlbnRyYWwxL29uUmVjb21tZW5kSXRlbXNUb1VzZXIvcTNXTDdkZjNMd1k  
 
[debug] [2020-05-11T14:57:14.664Z] <<< HTTP RESPONSE 200 {"content-type":"application/json; charset=UTF-8","vary":"X-Origin, Referer, Origin,Accept-Encoding","date":"Mon, 11 May 2020 14:57:15 GMT","server":"ESF","cache-control":"private","x-xss-protection":"0","x-frame-options":"SAMEORIGIN","x-content-type-options":"nosniff","alt-svc":"h3-27=\":443\"; ma=2592000,h3-25=\":443\"; ma=2592000,h3-Q050=\":443\"; ma=2592000,h3-Q049=\":443\"; ma=2592000,h3-Q048=\":443\"; ma=2592000,h3-Q046=\":443\"; ma=2592000,h3-Q043=\":443\"; ma=2592000,quic=\":443\"; ma=2592000; v=\"46,43\"","accept-ranges":"none","transfer-encoding":"chunked"}
[debug] [2020-05-11T14:57:16.666Z] >>> HTTP REQUEST GET https://cloudfunctions.googleapis.com/v1/operations/c2VydnBsYXRmb3JtLWQ0NjY4L3VzLWNlbnRyYWwxL29uUmVjb21tZW5kSXRlbXNUb1VzZXIvcTNXTDdkZjNMd1k  
 
[debug] [2020-05-11T14:57:17.059Z] <<< HTTP RESPONSE 200 {"content-type":"application/json; charset=UTF-8","vary":"X-Origin, Referer, Origin,Accept-Encoding","date":"Mon, 11 May 2020 14:57:18 GMT","server":"ESF","cache-control":"private","x-xss-protection":"0","x-frame-options":"SAMEORIGIN","x-content-type-options":"nosniff","alt-svc":"h3-27=\":443\"; ma=2592000,h3-25=\":443\"; ma=2592000,h3-Q050=\":443\"; ma=2592000,h3-Q049=\":443\"; ma=2592000,h3-Q048=\":443\"; ma=2592000,h3-Q046=\":443\"; ma=2592000,h3-Q043=\":443\"; ma=2592000,quic=\":443\"; ma=2592000; v=\"46,43\"","accept-ranges":"none","transfer-encoding":"chunked"}
[debug] [2020-05-11T14:57:19.061Z] >>> HTTP REQUEST GET https://cloudfunctions.googleapis.com/v1/operations/c2VydnBsYXRmb3JtLWQ0NjY4L3VzLWNlbnRyYWwxL29uUmVjb21tZW5kSXRlbXNUb1VzZXIvcTNXTDdkZjNMd1k  
 
[debug] [2020-05-11T14:57:19.402Z] <<< HTTP RESPONSE 200 {"content-type":"application/json; charset=UTF-8","vary":"X-Origin, Referer, Origin,Accept-Encoding","date":"Mon, 11 May 2020 14:57:20 GMT","server":"ESF","cache-control":"private","x-xss-protection":"0","x-frame-options":"SAMEORIGIN","x-content-type-options":"nosniff","alt-svc":"h3-27=\":443\"; ma=2592000,h3-25=\":443\"; ma=2592000,h3-Q050=\":443\"; ma=2592000,h3-Q049=\":443\"; ma=2592000,h3-Q048=\":443\"; ma=2592000,h3-Q046=\":443\"; ma=2592000,h3-Q043=\":443\"; ma=2592000,quic=\":443\"; ma=2592000; v=\"46,43\"","accept-ranges":"none","transfer-encoding":"chunked"}
[debug] [2020-05-11T14:57:21.404Z] >>> HTTP REQUEST GET https://cloudfunctions.googleapis.com/v1/operations/c2VydnBsYXRmb3JtLWQ0NjY4L3VzLWNlbnRyYWwxL29uUmVjb21tZW5kSXRlbXNUb1VzZXIvcTNXTDdkZjNMd1k  
 
[debug] [2020-05-11T14:57:22.031Z] <<< HTTP RESPONSE 200 {"content-type":"application/json; charset=UTF-8","vary":"X-Origin, Referer, Origin,Accept-Encoding","date":"Mon, 11 May 2020 14:57:23 GMT","server":"ESF","cache-control":"private","x-xss-protection":"0","x-frame-options":"SAMEORIGIN","x-content-type-options":"nosniff","alt-svc":"h3-27=\":443\"; ma=2592000,h3-25=\":443\"; ma=2592000,h3-Q050=\":443\"; ma=2592000,h3-Q049=\":443\"; ma=2592000,h3-Q048=\":443\"; ma=2592000,h3-Q046=\":443\"; ma=2592000,h3-Q043=\":443\"; ma=2592000,quic=\":443\"; ma=2592000; v=\"46,43\"","accept-ranges":"none","transfer-encoding":"chunked"}
[debug] [2020-05-11T14:57:24.033Z] >>> HTTP REQUEST GET https://cloudfunctions.googleapis.com/v1/operations/c2VydnBsYXRmb3JtLWQ0NjY4L3VzLWNlbnRyYWwxL29uUmVjb21tZW5kSXRlbXNUb1VzZXIvcTNXTDdkZjNMd1k  
 
[debug] [2020-05-11T14:57:24.442Z] <<< HTTP RESPONSE 200 {"content-type":"application/json; charset=UTF-8","vary":"X-Origin, Referer, Origin,Accept-Encoding","date":"Mon, 11 May 2020 14:57:25 GMT","server":"ESF","cache-control":"private","x-xss-protection":"0","x-frame-options":"SAMEORIGIN","x-content-type-options":"nosniff","alt-svc":"h3-27=\":443\"; ma=2592000,h3-25=\":443\"; ma=2592000,h3-Q050=\":443\"; ma=2592000,h3-Q049=\":443\"; ma=2592000,h3-Q048=\":443\"; ma=2592000,h3-Q046=\":443\"; ma=2592000,h3-Q043=\":443\"; ma=2592000,quic=\":443\"; ma=2592000; v=\"46,43\"","accept-ranges":"none","transfer-encoding":"chunked"}
[debug] [2020-05-11T14:57:26.444Z] >>> HTTP REQUEST GET https://cloudfunctions.googleapis.com/v1/operations/c2VydnBsYXRmb3JtLWQ0NjY4L3VzLWNlbnRyYWwxL29uUmVjb21tZW5kSXRlbXNUb1VzZXIvcTNXTDdkZjNMd1k  
 
[debug] [2020-05-11T14:57:26.773Z] <<< HTTP RESPONSE 200 {"content-type":"application/json; charset=UTF-8","vary":"X-Origin, Referer, Origin,Accept-Encoding","date":"Mon, 11 May 2020 14:57:28 GMT","server":"ESF","cache-control":"private","x-xss-protection":"0","x-frame-options":"SAMEORIGIN","x-content-type-options":"nosniff","alt-svc":"h3-27=\":443\"; ma=2592000,h3-25=\":443\"; ma=2592000,h3-Q050=\":443\"; ma=2592000,h3-Q049=\":443\"; ma=2592000,h3-Q048=\":443\"; ma=2592000,h3-Q046=\":443\"; ma=2592000,h3-Q043=\":443\"; ma=2592000,quic=\":443\"; ma=2592000; v=\"46,43\"","accept-ranges":"none","transfer-encoding":"chunked"}
[debug] [2020-05-11T14:57:28.773Z] >>> HTTP REQUEST GET https://cloudfunctions.googleapis.com/v1/operations/c2VydnBsYXRmb3JtLWQ0NjY4L3VzLWNlbnRyYWwxL29uUmVjb21tZW5kSXRlbXNUb1VzZXIvcTNXTDdkZjNMd1k  
 
[debug] [2020-05-11T14:57:29.146Z] <<< HTTP RESPONSE 200 {"content-type":"application/json; charset=UTF-8","vary":"X-Origin, Referer, Origin,Accept-Encoding","date":"Mon, 11 May 2020 14:57:30 GMT","server":"ESF","cache-control":"private","x-xss-protection":"0","x-frame-options":"SAMEORIGIN","x-content-type-options":"nosniff","alt-svc":"h3-27=\":443\"; ma=2592000,h3-25=\":443\"; ma=2592000,h3-Q050=\":443\"; ma=2592000,h3-Q049=\":443\"; ma=2592000,h3-Q048=\":443\"; ma=2592000,h3-Q046=\":443\"; ma=2592000,h3-Q043=\":443\"; ma=2592000,quic=\":443\"; ma=2592000; v=\"46,43\"","accept-ranges":"none","transfer-encoding":"chunked"}
[debug] [2020-05-11T14:57:31.148Z] >>> HTTP REQUEST GET https://cloudfunctions.googleapis.com/v1/operations/c2VydnBsYXRmb3JtLWQ0NjY4L3VzLWNlbnRyYWwxL29uUmVjb21tZW5kSXRlbXNUb1VzZXIvcTNXTDdkZjNMd1k  
 
[debug] [2020-05-11T14:57:31.526Z] <<< HTTP RESPONSE 200 {"content-type":"application/json; charset=UTF-8","vary":"X-Origin, Referer, Origin,Accept-Encoding","date":"Mon, 11 May 2020 14:57:32 GMT","server":"ESF","cache-control":"private","x-xss-protection":"0","x-frame-options":"SAMEORIGIN","x-content-type-options":"nosniff","alt-svc":"h3-27=\":443\"; ma=2592000,h3-25=\":443\"; ma=2592000,h3-Q050=\":443\"; ma=2592000,h3-Q049=\":443\"; ma=2592000,h3-Q048=\":443\"; ma=2592000,h3-Q046=\":443\"; ma=2592000,h3-Q043=\":443\"; ma=2592000,quic=\":443\"; ma=2592000; v=\"46,43\"","accept-ranges":"none","transfer-encoding":"chunked"}
[debug] [2020-05-11T14:57:33.527Z] >>> HTTP REQUEST GET https://cloudfunctions.googleapis.com/v1/operations/c2VydnBsYXRmb3JtLWQ0NjY4L3VzLWNlbnRyYWwxL29uUmVjb21tZW5kSXRlbXNUb1VzZXIvcTNXTDdkZjNMd1k  
 
[debug] [2020-05-11T14:57:34.156Z] <<< HTTP RESPONSE 200 {"content-type":"application/json; charset=UTF-8","vary":"X-Origin, Referer, Origin,Accept-Encoding","date":"Mon, 11 May 2020 14:57:35 GMT","server":"ESF","cache-control":"private","x-xss-protection":"0","x-frame-options":"SAMEORIGIN","x-content-type-options":"nosniff","alt-svc":"h3-27=\":443\"; ma=2592000,h3-25=\":443\"; ma=2592000,h3-Q050=\":443\"; ma=2592000,h3-Q049=\":443\"; ma=2592000,h3-Q048=\":443\"; ma=2592000,h3-Q046=\":443\"; ma=2592000,h3-Q043=\":443\"; ma=2592000,quic=\":443\"; ma=2592000; v=\"46,43\"","accept-ranges":"none","transfer-encoding":"chunked"}
